<?xml version="1.0" encoding="UTF-8"?>
<!-- Generated by org.testng.reporters.JUnitXMLReporter -->
<testsuite hostname="Kamals-MacBook-Pro.local" ignored="0" name="Default test" tests="2" failures="0" timestamp="2023-03-22T12:02:54 IST" time="197.806" errors="0">
  <testcase name="wFanSendDMTestCase" time="142.278" classname="Memberse.WebAppAutomation.wFanSendDMTest"/>
  <testcase name="wCreatorRepliedDMTestCase" time="46.265" classname="Memberse.WebAppAutomation.wFanSendDMTest"/>
</testsuite> <!-- Default test -->
