<?xml version="1.0" encoding="UTF-8"?>
<!-- Generated by org.testng.reporters.JUnitXMLReporter -->
<testsuite hostname="Kamals-MacBook-Pro.local" ignored="0" name="Default test" tests="2" failures="0" timestamp="2022-12-13T15:02:04 IST" time="112.574" errors="0">
  <testcase name="wCreatAudioPostTestFree" time="61.774" classname="Memberse.WebAppAutomation.wCreateAudioPostTest"/>
  <testcase name="wCreateAudioPostTestPaid" time="41.461" classname="Memberse.WebAppAutomation.wCreateAudioPostTest"/>
</testsuite> <!-- Default test -->
