<?xml version="1.0" encoding="UTF-8"?>
<!-- Generated by org.testng.reporters.JUnitXMLReporter -->
<testsuite hostname="Kamals-MacBook-Pro.local" ignored="12" name="Test" tests="7" failures="0" timestamp="2022-12-26T14:48:11 IST" time="200.635" errors="0">
  <testcase name="wSmokeTestCase" time="18.349" classname="Memberse.WebAppAutomation.wSmokeTest"/>
  <testcase name="wSignupFormValidationTestCase" time="13.091" classname="Memberse.WebAppAutomation.wSignupFormValidationTest"/>
  <testcase name="wSignupTestCase" time="14.747" classname="Memberse.WebAppAutomation.wSignupTest"/>
  <testcase name="wLoginFormValidationTestCase" time="10.557" classname="Memberse.WebAppAutomation.wLoginFormValidationTest"/>
  <testcase name="wLogintTestCase" time="18.799" classname="Memberse.WebAppAutomation.wLogintTest"/>
  <testcase name="wLogoutTestCase" time="22.172" classname="Memberse.WebAppAutomation.wLogoutTest"/>
  <testcase name="wDeleteAccountTestCase" time="37.954" classname="Memberse.WebAppAutomation.wDeleteAccountTest"/>
  <testcase name="@AfterTest QuitBrowsers" time="0.0" classname="Memberse.WebAppAutomation.WBase">
    <ignored/>
  </testcase> <!-- @AfterTest QuitBrowsers -->
  <testcase name="@AfterTest QuitBrowsers" time="0.0" classname="Memberse.WebAppAutomation.WBase">
    <ignored/>
  </testcase> <!-- @AfterTest QuitBrowsers -->
  <testcase name="@AfterTest QuitBrowsers" time="0.0" classname="Memberse.WebAppAutomation.WBase">
    <ignored/>
  </testcase> <!-- @AfterTest QuitBrowsers -->
  <testcase name="@AfterTest QuitBrowsers" time="0.0" classname="Memberse.WebAppAutomation.WBase">
    <ignored/>
  </testcase> <!-- @AfterTest QuitBrowsers -->
  <testcase name="@AfterTest QuitBrowsers" time="0.0" classname="Memberse.WebAppAutomation.WBase">
    <ignored/>
  </testcase> <!-- @AfterTest QuitBrowsers -->
  <testcase name="@AfterTest QuitBrowsers" time="0.0" classname="Memberse.WebAppAutomation.WBase">
    <ignored/>
  </testcase> <!-- @AfterTest QuitBrowsers -->
  <testcase name="@BeforeTest InvokeCapabilities" time="0.0" classname="Memberse.WebAppAutomation.WBase">
    <ignored/>
  </testcase> <!-- @BeforeTest InvokeCapabilities -->
  <testcase name="@BeforeTest InvokeCapabilities" time="0.0" classname="Memberse.WebAppAutomation.WBase">
    <ignored/>
  </testcase> <!-- @BeforeTest InvokeCapabilities -->
  <testcase name="@BeforeTest InvokeCapabilities" time="0.0" classname="Memberse.WebAppAutomation.WBase">
    <ignored/>
  </testcase> <!-- @BeforeTest InvokeCapabilities -->
  <testcase name="@BeforeTest InvokeCapabilities" time="0.0" classname="Memberse.WebAppAutomation.WBase">
    <ignored/>
  </testcase> <!-- @BeforeTest InvokeCapabilities -->
  <testcase name="@BeforeTest InvokeCapabilities" time="0.0" classname="Memberse.WebAppAutomation.WBase">
    <ignored/>
  </testcase> <!-- @BeforeTest InvokeCapabilities -->
  <testcase name="@BeforeTest InvokeCapabilities" time="0.0" classname="Memberse.WebAppAutomation.WBase">
    <ignored/>
  </testcase> <!-- @BeforeTest InvokeCapabilities -->
</testsuite> <!-- Test -->
