<?xml version="1.0" encoding="UTF-8"?>
<!-- Generated by org.testng.reporters.JUnitXMLReporter -->
<testsuite ignored="30" hostname="Kamals-MacBook-Pro.local" failures="0" tests="16" name="Test" time="721.38" errors="0" timestamp="2022-10-12T13:31:18 IST">
  <testcase classname="Memberse.WebAppAutomation.wSmokeTest" name="wSmokeTestCase" time="33.273"/>
  <testcase classname="Memberse.WebAppAutomation.wRegisterFormValidationTest" name="wRegisterFormValidationTestCase" time="29.393"/>
  <testcase classname="Memberse.WebAppAutomation.wSignupTest" name="wSignupTestCase" time="23.182"/>
  <testcase classname="Memberse.WebAppAutomation.wLoginFormValidationTest" name="wLoginFormValidationTestCase" time="28.565"/>
  <testcase classname="Memberse.WebAppAutomation.wLogintTest" name="wLogintTestCase" time="39.452"/>
  <testcase classname="Memberse.WebAppAutomation.wLoginWithGoogleTest" name="wLoginWithGoogleTestCase" time="67.076"/>
  <testcase classname="Memberse.WebAppAutomation.wLoginWithFacebookTest" name="wLoginWithFacebookTestCase" time="46.614"/>
  <testcase classname="Memberse.WebAppAutomation.wLoginwithAppleTest" name="wLoginWithAppleTestCase" time="61.848"/>
  <testcase classname="Memberse.WebAppAutomation.wLogoutTest" name="wLogoutTestCase" time="41.235"/>
  <testcase classname="Memberse.WebAppAutomation.wDeleteAccountTest" name="wDeleteAccountTestCase" time="56.924"/>
  <testcase classname="Memberse.WebAppAutomation.wLaunchAppStoreTest" name="wLaunchAppStoreTestCase" time="21.911"/>
  <testcase classname="Memberse.WebAppAutomation.wLaunchGooglePlayTest" name="wLaunchGooglePlayTestCase" time="20.285"/>
  <testcase classname="Memberse.WebAppAutomation.wLaunchMemberseFacebookTest" name="wLaunchMemberseFacebookTestCase" time="36.06"/>
  <testcase classname="Memberse.WebAppAutomation.wLaunchMemberseInstagramTest" name="wLaunchMemberseInstagramTestCase" time="25.397"/>
  <testcase classname="Memberse.WebAppAutomation.wLaunchMemberseLinkedInTest" name="wLaunchMemberseLinkedInTestCase" time="25.523"/>
  <testcase classname="Memberse.WebAppAutomation.wLaunchMemberseTikTokTest" name="wLaunchMemberseTikTokTestCase" time="20.769"/>
  <testcase classname="Memberse.WebAppAutomation.WBase" name="@AfterTest QuitBrowsers" time="0.0">
    <ignored/>
  </testcase> <!-- @AfterTest QuitBrowsers -->
  <testcase classname="Memberse.WebAppAutomation.WBase" name="@AfterTest QuitBrowsers" time="0.0">
    <ignored/>
  </testcase> <!-- @AfterTest QuitBrowsers -->
  <testcase classname="Memberse.WebAppAutomation.WBase" name="@AfterTest QuitBrowsers" time="0.0">
    <ignored/>
  </testcase> <!-- @AfterTest QuitBrowsers -->
  <testcase classname="Memberse.WebAppAutomation.WBase" name="@AfterTest QuitBrowsers" time="0.0">
    <ignored/>
  </testcase> <!-- @AfterTest QuitBrowsers -->
  <testcase classname="Memberse.WebAppAutomation.WBase" name="@AfterTest QuitBrowsers" time="0.0">
    <ignored/>
  </testcase> <!-- @AfterTest QuitBrowsers -->
  <testcase classname="Memberse.WebAppAutomation.WBase" name="@AfterTest QuitBrowsers" time="0.0">
    <ignored/>
  </testcase> <!-- @AfterTest QuitBrowsers -->
  <testcase classname="Memberse.WebAppAutomation.WBase" name="@AfterTest QuitBrowsers" time="0.0">
    <ignored/>
  </testcase> <!-- @AfterTest QuitBrowsers -->
  <testcase classname="Memberse.WebAppAutomation.WBase" name="@AfterTest QuitBrowsers" time="0.0">
    <ignored/>
  </testcase> <!-- @AfterTest QuitBrowsers -->
  <testcase classname="Memberse.WebAppAutomation.WBase" name="@AfterTest QuitBrowsers" time="0.0">
    <ignored/>
  </testcase> <!-- @AfterTest QuitBrowsers -->
  <testcase classname="Memberse.WebAppAutomation.WBase" name="@AfterTest QuitBrowsers" time="0.0">
    <ignored/>
  </testcase> <!-- @AfterTest QuitBrowsers -->
  <testcase classname="Memberse.WebAppAutomation.WBase" name="@AfterTest QuitBrowsers" time="0.0">
    <ignored/>
  </testcase> <!-- @AfterTest QuitBrowsers -->
  <testcase classname="Memberse.WebAppAutomation.WBase" name="@AfterTest QuitBrowsers" time="0.0">
    <ignored/>
  </testcase> <!-- @AfterTest QuitBrowsers -->
  <testcase classname="Memberse.WebAppAutomation.WBase" name="@AfterTest QuitBrowsers" time="0.0">
    <ignored/>
  </testcase> <!-- @AfterTest QuitBrowsers -->
  <testcase classname="Memberse.WebAppAutomation.WBase" name="@AfterTest QuitBrowsers" time="0.0">
    <ignored/>
  </testcase> <!-- @AfterTest QuitBrowsers -->
  <testcase classname="Memberse.WebAppAutomation.WBase" name="@AfterTest QuitBrowsers" time="0.0">
    <ignored/>
  </testcase> <!-- @AfterTest QuitBrowsers -->
  <testcase classname="Memberse.WebAppAutomation.WBase" name="@BeforeTest InvokeCapabilities" time="0.0">
    <ignored/>
  </testcase> <!-- @BeforeTest InvokeCapabilities -->
  <testcase classname="Memberse.WebAppAutomation.WBase" name="@BeforeTest InvokeCapabilities" time="0.0">
    <ignored/>
  </testcase> <!-- @BeforeTest InvokeCapabilities -->
  <testcase classname="Memberse.WebAppAutomation.WBase" name="@BeforeTest InvokeCapabilities" time="0.0">
    <ignored/>
  </testcase> <!-- @BeforeTest InvokeCapabilities -->
  <testcase classname="Memberse.WebAppAutomation.WBase" name="@BeforeTest InvokeCapabilities" time="0.0">
    <ignored/>
  </testcase> <!-- @BeforeTest InvokeCapabilities -->
  <testcase classname="Memberse.WebAppAutomation.WBase" name="@BeforeTest InvokeCapabilities" time="0.0">
    <ignored/>
  </testcase> <!-- @BeforeTest InvokeCapabilities -->
  <testcase classname="Memberse.WebAppAutomation.WBase" name="@BeforeTest InvokeCapabilities" time="0.0">
    <ignored/>
  </testcase> <!-- @BeforeTest InvokeCapabilities -->
  <testcase classname="Memberse.WebAppAutomation.WBase" name="@BeforeTest InvokeCapabilities" time="0.0">
    <ignored/>
  </testcase> <!-- @BeforeTest InvokeCapabilities -->
  <testcase classname="Memberse.WebAppAutomation.WBase" name="@BeforeTest InvokeCapabilities" time="0.0">
    <ignored/>
  </testcase> <!-- @BeforeTest InvokeCapabilities -->
  <testcase classname="Memberse.WebAppAutomation.WBase" name="@BeforeTest InvokeCapabilities" time="0.0">
    <ignored/>
  </testcase> <!-- @BeforeTest InvokeCapabilities -->
  <testcase classname="Memberse.WebAppAutomation.WBase" name="@BeforeTest InvokeCapabilities" time="0.0">
    <ignored/>
  </testcase> <!-- @BeforeTest InvokeCapabilities -->
  <testcase classname="Memberse.WebAppAutomation.WBase" name="@BeforeTest InvokeCapabilities" time="0.0">
    <ignored/>
  </testcase> <!-- @BeforeTest InvokeCapabilities -->
  <testcase classname="Memberse.WebAppAutomation.WBase" name="@BeforeTest InvokeCapabilities" time="0.0">
    <ignored/>
  </testcase> <!-- @BeforeTest InvokeCapabilities -->
  <testcase classname="Memberse.WebAppAutomation.WBase" name="@BeforeTest InvokeCapabilities" time="0.0">
    <ignored/>
  </testcase> <!-- @BeforeTest InvokeCapabilities -->
  <testcase classname="Memberse.WebAppAutomation.WBase" name="@BeforeTest InvokeCapabilities" time="0.0">
    <ignored/>
  </testcase> <!-- @BeforeTest InvokeCapabilities -->
  <testcase classname="Memberse.WebAppAutomation.WBase" name="@BeforeTest InvokeCapabilities" time="0.0">
    <ignored/>
  </testcase> <!-- @BeforeTest InvokeCapabilities -->
</testsuite> <!-- Test -->
