<?xml version="1.0" encoding="UTF-8"?>
<!-- Generated by org.testng.reporters.JUnitXMLReporter -->
<testsuite hostname="Kamals-MacBook-Pro.local" ignored="2" name="Test" tests="3" failures="0" timestamp="2022-08-31T16:10:36 IST" time="64.999" errors="0">
  <testcase name="wSignupTestCase" time="12.203" classname="Memberse.WebAppAutomation.wSignupTest"/>
  <testcase name="wLogintTestCase" time="16.009" classname="Memberse.WebAppAutomation.wLogintTest"/>
  <testcase name="SampleTestCase" time="13.701" classname="Memberse.WebAppAutomation.SampleTest"/>
  <testcase name="@AfterTest QuitBrowsers" time="0.0" classname="Memberse.WebAppAutomation.WBase">
    <ignored/>
  </testcase> <!-- @AfterTest QuitBrowsers -->
  <testcase name="@BeforeTest InvokeCapabilities" time="0.0" classname="Memberse.WebAppAutomation.WBase">
    <ignored/>
  </testcase> <!-- @BeforeTest InvokeCapabilities -->
</testsuite> <!-- Test -->
