<?xml version="1.0" encoding="UTF-8"?>
<!-- Generated by org.testng.reporters.JUnitXMLReporter -->
<testsuite hostname="Kamals-MacBook-Pro.local" ignored="2" name="Test" tests="2" failures="0" timestamp="2022-08-30T12:27:50 IST" time="35.569" errors="0">
  <testcase name="wSignupTestCase" time="11.065" classname="Memberse.WebAppAutomation.wSignupTest"/>
  <testcase name="wLogintTestCase" time="15.572" classname="Memberse.WebAppAutomation.wLogintTest"/>
  <testcase name="@AfterTest QuitBrowsers" time="0.0" classname="Memberse.WebAppAutomation.WBase">
    <ignored/>
  </testcase> <!-- @AfterTest QuitBrowsers -->
  <testcase name="@BeforeTest InvokeCapabilities" time="0.0" classname="Memberse.WebAppAutomation.WBase">
    <ignored/>
  </testcase> <!-- @BeforeTest InvokeCapabilities -->
</testsuite> <!-- Test -->
