<?xml version="1.0" encoding="UTF-8"?>
<testng-results skipped="0" failed="0" ignored="2" total="5" passed="3">
  <reporter-output>
  </reporter-output>
  <suite name="Suite" duration-ms="64999" started-at="2022-08-31T16:09:31 IST" finished-at="2022-08-31T16:10:36 IST">
    <groups>
    </groups>
    <test name="Test" duration-ms="64999" started-at="2022-08-31T16:09:31 IST" finished-at="2022-08-31T16:10:36 IST">
      <class name="Memberse.WebAppAutomation.SampleTest">
        <test-method status="PASS" signature="InvokeCapabilities()[pri:0, instance:Memberse.WebAppAutomation.SampleTest@4e9ba398]" name="InvokeCapabilities" is-config="true" duration-ms="0" started-at="2022-08-31T16:09:31 IST" finished-at="2022-08-31T16:09:31 IST">
          <reporter-output>
          </reporter-output>
        </test-method> <!-- InvokeCapabilities -->
        <test-method status="PASS" signature="startDriver()[pri:0, instance:Memberse.WebAppAutomation.SampleTest@4e9ba398]" name="startDriver" is-config="true" duration-ms="5201" started-at="2022-08-31T16:10:17 IST" finished-at="2022-08-31T16:10:22 IST">
          <reporter-output>
          </reporter-output>
        </test-method> <!-- startDriver -->
        <test-method status="PASS" signature="SampleTestCase()[pri:0, instance:Memberse.WebAppAutomation.SampleTest@4e9ba398]" name="SampleTestCase" duration-ms="13701" started-at="2022-08-31T16:10:22 IST" finished-at="2022-08-31T16:10:36 IST">
          <reporter-output>
          </reporter-output>
        </test-method> <!-- SampleTestCase -->
        <test-method status="PASS" signature="afterCode()[pri:0, instance:Memberse.WebAppAutomation.SampleTest@4e9ba398]" name="afterCode" is-config="true" duration-ms="1" started-at="2022-08-31T16:10:36 IST" finished-at="2022-08-31T16:10:36 IST">
          <reporter-output>
          </reporter-output>
        </test-method> <!-- afterCode -->
        <test-method status="PASS" signature="quitDriver()[pri:0, instance:Memberse.WebAppAutomation.SampleTest@4e9ba398]" name="quitDriver" is-config="true" duration-ms="234" started-at="2022-08-31T16:10:36 IST" finished-at="2022-08-31T16:10:36 IST">
          <reporter-output>
          </reporter-output>
        </test-method> <!-- quitDriver -->
      </class> <!-- Memberse.WebAppAutomation.SampleTest -->
      <class name="Memberse.WebAppAutomation.wLogintTest">
        <test-method status="PASS" signature="startDriver()[pri:0, instance:Memberse.WebAppAutomation.wLogintTest@6d7b4f4c]" name="startDriver" is-config="true" duration-ms="7544" started-at="2022-08-31T16:09:53 IST" finished-at="2022-08-31T16:10:01 IST">
          <reporter-output>
          </reporter-output>
        </test-method> <!-- startDriver -->
        <test-method status="PASS" signature="wLogintTestCase()[pri:0, instance:Memberse.WebAppAutomation.wLogintTest@6d7b4f4c]" name="wLogintTestCase" duration-ms="16009" started-at="2022-08-31T16:10:01 IST" finished-at="2022-08-31T16:10:17 IST">
          <reporter-output>
          </reporter-output>
        </test-method> <!-- wLogintTestCase -->
        <test-method status="PASS" signature="CloseBrowser()[pri:0, instance:Memberse.WebAppAutomation.wLogintTest@6d7b4f4c]" name="CloseBrowser" is-config="true" duration-ms="228" started-at="2022-08-31T16:10:17 IST" finished-at="2022-08-31T16:10:17 IST">
          <reporter-output>
          </reporter-output>
        </test-method> <!-- CloseBrowser -->
      </class> <!-- Memberse.WebAppAutomation.wLogintTest -->
      <class name="Memberse.WebAppAutomation.wSignupTest">
        <test-method status="PASS" signature="InvokeCapabilities()[pri:0, instance:Memberse.WebAppAutomation.wSignupTest@2286778]" name="InvokeCapabilities" is-config="true" duration-ms="25" started-at="2022-08-31T16:09:31 IST" finished-at="2022-08-31T16:09:31 IST">
          <reporter-output>
          </reporter-output>
        </test-method> <!-- InvokeCapabilities -->
        <test-method status="PASS" signature="startDriver()[pri:0, instance:Memberse.WebAppAutomation.wSignupTest@2286778]" name="startDriver" is-config="true" duration-ms="9576" started-at="2022-08-31T16:09:31 IST" finished-at="2022-08-31T16:09:41 IST">
          <reporter-output>
          </reporter-output>
        </test-method> <!-- startDriver -->
        <test-method status="PASS" signature="wSignupTestCase()[pri:0, instance:Memberse.WebAppAutomation.wSignupTest@2286778]" name="wSignupTestCase" duration-ms="12203" started-at="2022-08-31T16:09:41 IST" finished-at="2022-08-31T16:09:53 IST">
          <reporter-output>
          </reporter-output>
        </test-method> <!-- wSignupTestCase -->
        <test-method status="PASS" signature="CloseBrowser()[pri:0, instance:Memberse.WebAppAutomation.wSignupTest@2286778]" name="CloseBrowser" is-config="true" duration-ms="222" started-at="2022-08-31T16:09:53 IST" finished-at="2022-08-31T16:09:53 IST">
          <reporter-output>
          </reporter-output>
        </test-method> <!-- CloseBrowser -->
        <test-method status="PASS" signature="QuitBrowsers()[pri:0, instance:Memberse.WebAppAutomation.wSignupTest@2286778]" name="QuitBrowsers" is-config="true" duration-ms="16" started-at="2022-08-31T16:10:36 IST" finished-at="2022-08-31T16:10:36 IST">
          <reporter-output>
          </reporter-output>
        </test-method> <!-- QuitBrowsers -->
      </class> <!-- Memberse.WebAppAutomation.wSignupTest -->
    </test> <!-- Test -->
  </suite> <!-- Suite -->
</testng-results>
