<?xml version="1.0" encoding="UTF-8"?>
<!-- Generated by org.testng.reporters.JUnitXMLReporter -->
<testsuite hostname="Kamals-MacBook-Pro.local" ignored="6" name="Web App Test" tests="4" failures="0" timestamp="2023-07-06T11:30:45 IST" time="412.397" errors="0">
  <testcase name="CreatorOrganicLoginTestCase" time="29.973" classname="Memberse.WebDMonly.CreatorOrganicLoginTest"/>
  <testcase name="FanBioLinkLoginTestCase" time="63.682" classname="Memberse.WebDMonly.FanBioLinkLoginTest"/>
  <testcase name="FanSendDMTestCase" time="212.784" classname="Memberse.WebDMonly.FanSendDMTest"/>
  <testcase name="CreatorReplyDMTestCase" time="56.872" classname="Memberse.WebDMonly.CreatorReplyDMTest"/>
  <testcase name="@AfterTest endSuite" time="0.0" classname="Memberse.WebAppAutomation.WBase">
    <ignored/>
  </testcase> <!-- @AfterTest endSuite -->
  <testcase name="@AfterTest endSuite" time="0.0" classname="Memberse.WebAppAutomation.WBase">
    <ignored/>
  </testcase> <!-- @AfterTest endSuite -->
  <testcase name="@AfterTest endSuite" time="0.0" classname="Memberse.WebAppAutomation.WBase">
    <ignored/>
  </testcase> <!-- @AfterTest endSuite -->
  <testcase name="@BeforeTest InvokeCapabilities" time="0.0" classname="Memberse.WebAppAutomation.WBase">
    <ignored/>
  </testcase> <!-- @BeforeTest InvokeCapabilities -->
  <testcase name="@BeforeTest InvokeCapabilities" time="0.0" classname="Memberse.WebAppAutomation.WBase">
    <ignored/>
  </testcase> <!-- @BeforeTest InvokeCapabilities -->
  <testcase name="@BeforeTest InvokeCapabilities" time="0.0" classname="Memberse.WebAppAutomation.WBase">
    <ignored/>
  </testcase> <!-- @BeforeTest InvokeCapabilities -->
</testsuite> <!-- Web App Test -->
