<?xml version="1.0" encoding="UTF-8"?>
<testng-results ignored="0" total="1" passed="1" failed="0" skipped="0">
  <reporter-output>
  </reporter-output>
  <suite started-at="2022-10-14T11:03:25 IST" name="Default suite" finished-at="2022-10-14T11:05:22 IST" duration-ms="117310">
    <groups>
    </groups>
    <test started-at="2022-10-14T11:03:25 IST" name="Default test" finished-at="2022-10-14T11:05:22 IST" duration-ms="117310">
      <class name="Memberse.WebAppAutomation.wLaunchMemberseTikTokTest">
        <test-method is-config="true" signature="InvokeCapabilities()[pri:0, instance:Memberse.WebAppAutomation.wLaunchMemberseTikTokTest@7d9e8ef7]" started-at="2022-10-14T11:03:25 IST" name="InvokeCapabilities" finished-at="2022-10-14T11:03:25 IST" duration-ms="24" status="PASS">
          <reporter-output>
          </reporter-output>
        </test-method> <!-- InvokeCapabilities -->
        <test-method is-config="true" signature="startDriver()[pri:0, instance:Memberse.WebAppAutomation.wLaunchMemberseTikTokTest@7d9e8ef7]" started-at="2022-10-14T11:03:25 IST" name="startDriver" finished-at="2022-10-14T11:03:32 IST" duration-ms="7164" status="PASS">
          <reporter-output>
          </reporter-output>
        </test-method> <!-- startDriver -->
        <test-method signature="wLaunchMemberseTikTokTestCase()[pri:0, instance:Memberse.WebAppAutomation.wLaunchMemberseTikTokTest@7d9e8ef7]" started-at="2022-10-14T11:03:32 IST" name="wLaunchMemberseTikTokTestCase" finished-at="2022-10-14T11:05:18 IST" duration-ms="105932" status="PASS">
          <reporter-output>
          </reporter-output>
        </test-method> <!-- wLaunchMemberseTikTokTestCase -->
        <test-method is-config="true" signature="CloseBrowser()[pri:0, instance:Memberse.WebAppAutomation.wLaunchMemberseTikTokTest@7d9e8ef7]" started-at="2022-10-14T11:05:18 IST" name="CloseBrowser" finished-at="2022-10-14T11:05:20 IST" duration-ms="2121" status="PASS">
          <reporter-output>
          </reporter-output>
        </test-method> <!-- CloseBrowser -->
        <test-method is-config="true" signature="QuitBrowsers()[pri:0, instance:Memberse.WebAppAutomation.wLaunchMemberseTikTokTest@7d9e8ef7]" started-at="2022-10-14T11:05:20 IST" name="QuitBrowsers" finished-at="2022-10-14T11:05:22 IST" duration-ms="2027" status="PASS">
          <reporter-output>
          </reporter-output>
        </test-method> <!-- QuitBrowsers -->
      </class> <!-- Memberse.WebAppAutomation.wLaunchMemberseTikTokTest -->
    </test> <!-- Default test -->
  </suite> <!-- Default suite -->
</testng-results>
